[21-06-2024 - 13:51:45]-[mysql] Spalte name in der Tabelle users geändert.
[21-06-2024 - 13:51:45]-[mysql] Spalte password in der Tabelle users geändert.
[21-06-2024 - 13:51:45]-[mysql] Spalte created_at in der Tabelle users geändert.
[21-06-2024 - 13:51:45]-[mysql] Spalte name in der Tabelle bots geändert.
[21-06-2024 - 13:51:45]-[mysql] Spalte premium in der Tabelle bots geändert.
[21-06-2024 - 13:51:45]-[mysql] Spalte use_db in der Tabelle bots geändert.
[21-06-2024 - 13:51:45]-[mysql] Spalte db_host in der Tabelle bots geändert.
[21-06-2024 - 13:51:45]-[mysql] Spalte db_user in der Tabelle bots geändert.
[21-06-2024 - 13:51:45]-[mysql] Spalte db_password in der Tabelle bots geändert.
[21-06-2024 - 13:51:45]-[mysql] Spalte db_name in der Tabelle bots geändert.
[21-06-2024 - 13:51:45]-[mysql] Spalte db_port in der Tabelle bots geändert.
[21-06-2024 - 13:51:45]-[mysql] Spalte projectName in der Tabelle bots geändert.
[21-06-2024 - 13:51:45]-[mysql] Spalte encryption_key in der Tabelle bots geändert.
[21-06-2024 - 13:51:45]-[mysql] Spalte add_mode in der Tabelle bots geändert.
[21-06-2024 - 13:51:46]-[mysql] Spalte created_at in der Tabelle bots geändert.
[21-06-2024 - 13:51:46]-[mysql] Spalte status in der Tabelle bots geändert.
[21-06-2024 - 13:51:46]-[mysql] Spalte name in der Tabelle users geändert.
[21-06-2024 - 13:51:46]-[mysql] Spalte password in der Tabelle users geändert.
[21-06-2024 - 13:51:46]-[mysql] Spalte created_at in der Tabelle users geändert.
[21-06-2024 - 13:51:47]-[mysql] Spalte name in der Tabelle bots geändert.
[21-06-2024 - 13:51:47]-[mysql] Spalte premium in der Tabelle bots geändert.
[21-06-2024 - 13:51:47]-[mysql] Spalte use_db in der Tabelle bots geändert.
[21-06-2024 - 13:51:47]-[mysql] Spalte db_host in der Tabelle bots geändert.
[21-06-2024 - 13:51:47]-[mysql] Spalte db_user in der Tabelle bots geändert.
[21-06-2024 - 13:51:47]-[mysql] Spalte db_password in der Tabelle bots geändert.
[21-06-2024 - 13:51:47]-[mysql] Spalte db_name in der Tabelle bots geändert.
[21-06-2024 - 13:51:47]-[mysql] Spalte db_port in der Tabelle bots geändert.
[21-06-2024 - 13:51:47]-[mysql] Spalte projectName in der Tabelle bots geändert.
[21-06-2024 - 13:51:47]-[mysql] Spalte encryption_key in der Tabelle bots geändert.
[21-06-2024 - 13:51:47]-[mysql] Spalte add_mode in der Tabelle bots geändert.
[21-06-2024 - 13:51:47]-[mysql] Spalte created_at in der Tabelle bots geändert.
[21-06-2024 - 13:51:47]-[mysql] Spalte status in der Tabelle bots geändert.
[21-06-2024 - 13:52:08]-[mysql] Spalte name in der Tabelle users geändert.
[21-06-2024 - 13:52:08]-[mysql] Spalte password in der Tabelle users geändert.
[21-06-2024 - 13:52:08]-[mysql] Spalte created_at in der Tabelle users geändert.
[21-06-2024 - 13:52:09]-[mysql] Spalte name in der Tabelle bots geändert.
[21-06-2024 - 13:52:09]-[mysql] Spalte premium in der Tabelle bots geändert.
[21-06-2024 - 13:52:09]-[mysql] Spalte use_db in der Tabelle bots geändert.
[21-06-2024 - 13:52:09]-[mysql] Spalte db_host in der Tabelle bots geändert.
[21-06-2024 - 13:52:09]-[mysql] Spalte db_user in der Tabelle bots geändert.
[21-06-2024 - 13:52:09]-[mysql] Spalte db_password in der Tabelle bots geändert.
[21-06-2024 - 13:52:09]-[mysql] Spalte db_name in der Tabelle bots geändert.
[21-06-2024 - 13:52:09]-[mysql] Spalte db_port in der Tabelle bots geändert.
[21-06-2024 - 13:52:09]-[mysql] Spalte projectName in der Tabelle bots geändert.
[21-06-2024 - 13:52:09]-[mysql] Spalte encryption_key in der Tabelle bots geändert.
[21-06-2024 - 13:52:09]-[mysql] Spalte add_mode in der Tabelle bots geändert.
[21-06-2024 - 13:52:09]-[mysql] Spalte created_at in der Tabelle bots geändert.
[21-06-2024 - 13:52:09]-[mysql] Spalte status in der Tabelle bots geändert.
[21-06-2024 - 13:52:10]-[mysql] Spalte name in der Tabelle users geändert.
[21-06-2024 - 13:52:10]-[mysql] Spalte password in der Tabelle users geändert.
[21-06-2024 - 13:52:10]-[mysql] Spalte created_at in der Tabelle users geändert.
[21-06-2024 - 13:52:10]-[mysql] Spalte name in der Tabelle bots geändert.
[21-06-2024 - 13:52:10]-[mysql] Spalte premium in der Tabelle bots geändert.
[21-06-2024 - 13:52:10]-[mysql] Spalte use_db in der Tabelle bots geändert.
[21-06-2024 - 13:52:10]-[mysql] Spalte db_host in der Tabelle bots geändert.
[21-06-2024 - 13:52:10]-[mysql] Spalte db_user in der Tabelle bots geändert.
[21-06-2024 - 13:52:10]-[mysql] Spalte db_password in der Tabelle bots geändert.
[21-06-2024 - 13:52:10]-[mysql] Spalte db_name in der Tabelle bots geändert.
[21-06-2024 - 13:52:10]-[mysql] Spalte db_port in der Tabelle bots geändert.
[21-06-2024 - 13:52:10]-[mysql] Spalte projectName in der Tabelle bots geändert.
[21-06-2024 - 13:52:10]-[mysql] Spalte encryption_key in der Tabelle bots geändert.
[21-06-2024 - 13:52:10]-[mysql] Spalte add_mode in der Tabelle bots geändert.
[21-06-2024 - 13:52:10]-[mysql] Spalte created_at in der Tabelle bots geändert.
[21-06-2024 - 13:52:11]-[mysql] Spalte status in der Tabelle bots geändert.
[21-06-2024 - 13:52:46]-[mysql] Spalte name in der Tabelle users geändert.
[21-06-2024 - 13:52:46]-[mysql] Spalte password in der Tabelle users geändert.
[21-06-2024 - 13:52:46]-[mysql] Spalte created_at in der Tabelle users geändert.
[21-06-2024 - 13:52:46]-[mysql] Spalte name in der Tabelle bots geändert.
[21-06-2024 - 13:52:46]-[mysql] Spalte premium in der Tabelle bots geändert.
[21-06-2024 - 13:52:46]-[mysql] Spalte use_db in der Tabelle bots geändert.
[21-06-2024 - 13:52:46]-[mysql] Spalte db_host in der Tabelle bots geändert.
[21-06-2024 - 13:52:46]-[mysql] Spalte db_user in der Tabelle bots geändert.
[21-06-2024 - 13:52:46]-[mysql] Spalte db_password in der Tabelle bots geändert.
[21-06-2024 - 13:52:46]-[mysql] Spalte db_name in der Tabelle bots geändert.
[21-06-2024 - 13:52:46]-[mysql] Spalte db_port in der Tabelle bots geändert.
[21-06-2024 - 13:52:46]-[mysql] Spalte projectName in der Tabelle bots geändert.
[21-06-2024 - 13:52:46]-[mysql] Spalte encryption_key in der Tabelle bots geändert.
[21-06-2024 - 13:52:46]-[mysql] Spalte add_mode in der Tabelle bots geändert.
[21-06-2024 - 13:52:46]-[mysql] Spalte created_at in der Tabelle bots geändert.
[21-06-2024 - 13:52:46]-[mysql] Spalte status in der Tabelle bots geändert.
[21-06-2024 - 13:52:47]-[mysql] Spalte name in der Tabelle users geändert.
[21-06-2024 - 13:52:47]-[mysql] Spalte password in der Tabelle users geändert.
[21-06-2024 - 13:52:47]-[mysql] Spalte created_at in der Tabelle users geändert.
[21-06-2024 - 13:52:48]-[mysql] Spalte name in der Tabelle bots geändert.
[21-06-2024 - 13:52:48]-[mysql] Spalte premium in der Tabelle bots geändert.
[21-06-2024 - 13:52:48]-[mysql] Spalte use_db in der Tabelle bots geändert.
[21-06-2024 - 13:52:48]-[mysql] Spalte db_host in der Tabelle bots geändert.
[21-06-2024 - 13:52:48]-[mysql] Spalte db_user in der Tabelle bots geändert.
[21-06-2024 - 13:52:48]-[mysql] Spalte db_password in der Tabelle bots geändert.
[21-06-2024 - 13:52:48]-[mysql] Spalte db_name in der Tabelle bots geändert.
[21-06-2024 - 13:52:48]-[mysql] Spalte db_port in der Tabelle bots geändert.
[21-06-2024 - 13:52:48]-[mysql] Spalte projectName in der Tabelle bots geändert.
[21-06-2024 - 13:52:48]-[mysql] Spalte encryption_key in der Tabelle bots geändert.
[21-06-2024 - 13:52:48]-[mysql] Spalte add_mode in der Tabelle bots geändert.
[21-06-2024 - 13:52:48]-[mysql] Spalte created_at in der Tabelle bots geändert.
[21-06-2024 - 13:52:48]-[mysql] Spalte status in der Tabelle bots geändert.
[21-06-2024 - 13:53:20]-[mysql] Spalte name in der Tabelle users geändert.
[21-06-2024 - 13:53:20]-[mysql] Spalte password in der Tabelle users geändert.
[21-06-2024 - 13:53:20]-[mysql] Spalte created_at in der Tabelle users geändert.
[21-06-2024 - 13:53:21]-[mysql] Spalte name in der Tabelle bots geändert.
[21-06-2024 - 13:53:21]-[mysql] Spalte premium in der Tabelle bots geändert.
[21-06-2024 - 13:53:21]-[mysql] Spalte use_db in der Tabelle bots geändert.
[21-06-2024 - 13:53:21]-[mysql] Spalte db_host in der Tabelle bots geändert.
[21-06-2024 - 13:53:21]-[mysql] Spalte db_user in der Tabelle bots geändert.
[21-06-2024 - 13:53:21]-[mysql] Spalte db_password in der Tabelle bots geändert.
[21-06-2024 - 13:53:21]-[mysql] Spalte db_name in der Tabelle bots geändert.
[21-06-2024 - 13:53:21]-[mysql] Spalte db_port in der Tabelle bots geändert.
[21-06-2024 - 13:53:21]-[mysql] Spalte projectName in der Tabelle bots geändert.
[21-06-2024 - 13:53:21]-[mysql] Spalte encryption_key in der Tabelle bots geändert.
[21-06-2024 - 13:53:21]-[mysql] Spalte add_mode in der Tabelle bots geändert.
[21-06-2024 - 13:53:21]-[mysql] Spalte created_at in der Tabelle bots geändert.
[21-06-2024 - 13:53:21]-[mysql] Spalte status in der Tabelle bots geändert.
[21-06-2024 - 13:53:22]-[mysql] Spalte name in der Tabelle users geändert.
[21-06-2024 - 13:53:22]-[mysql] Spalte password in der Tabelle users geändert.
[21-06-2024 - 13:53:22]-[mysql] Spalte created_at in der Tabelle users geändert.
[21-06-2024 - 13:53:22]-[mysql] Spalte name in der Tabelle bots geändert.
[21-06-2024 - 13:53:22]-[mysql] Spalte premium in der Tabelle bots geändert.
[21-06-2024 - 13:53:22]-[mysql] Spalte use_db in der Tabelle bots geändert.
[21-06-2024 - 13:53:22]-[mysql] Spalte db_host in der Tabelle bots geändert.
[21-06-2024 - 13:53:22]-[mysql] Spalte db_user in der Tabelle bots geändert.
[21-06-2024 - 13:53:22]-[mysql] Spalte db_password in der Tabelle bots geändert.
[21-06-2024 - 13:53:22]-[mysql] Spalte db_name in der Tabelle bots geändert.
[21-06-2024 - 13:53:22]-[mysql] Spalte db_port in der Tabelle bots geändert.
[21-06-2024 - 13:53:22]-[mysql] Spalte projectName in der Tabelle bots geändert.
[21-06-2024 - 13:53:22]-[mysql] Spalte encryption_key in der Tabelle bots geändert.
[21-06-2024 - 13:53:22]-[mysql] Spalte add_mode in der Tabelle bots geändert.
[21-06-2024 - 13:53:22]-[mysql] Spalte created_at in der Tabelle bots geändert.
[21-06-2024 - 13:53:22]-[mysql] Spalte status in der Tabelle bots geändert.
[21-06-2024 - 13:53:39]-[mysql] Spalte name in der Tabelle users geändert.
[21-06-2024 - 13:53:39]-[mysql] Spalte password in der Tabelle users geändert.
[21-06-2024 - 13:53:39]-[mysql] Spalte created_at in der Tabelle users geändert.
[21-06-2024 - 13:53:39]-[mysql] Spalte name in der Tabelle bots geändert.
[21-06-2024 - 13:53:39]-[mysql] Spalte premium in der Tabelle bots geändert.
[21-06-2024 - 13:53:39]-[mysql] Spalte use_db in der Tabelle bots geändert.
[21-06-2024 - 13:53:39]-[mysql] Spalte db_host in der Tabelle bots geändert.
[21-06-2024 - 13:53:39]-[mysql] Spalte db_user in der Tabelle bots geändert.
[21-06-2024 - 13:53:39]-[mysql] Spalte db_password in der Tabelle bots geändert.
[21-06-2024 - 13:53:39]-[mysql] Spalte db_name in der Tabelle bots geändert.
[21-06-2024 - 13:53:39]-[mysql] Spalte db_port in der Tabelle bots geändert.
[21-06-2024 - 13:53:39]-[mysql] Spalte projectName in der Tabelle bots geändert.
[21-06-2024 - 13:53:39]-[mysql] Spalte encryption_key in der Tabelle bots geändert.
[21-06-2024 - 13:53:39]-[mysql] Spalte add_mode in der Tabelle bots geändert.
[21-06-2024 - 13:53:39]-[mysql] Spalte created_at in der Tabelle bots geändert.
[21-06-2024 - 13:53:39]-[mysql] Spalte status in der Tabelle bots geändert.
[21-06-2024 - 13:53:40]-[mysql] Spalte name in der Tabelle users geändert.
[21-06-2024 - 13:53:41]-[mysql] Spalte password in der Tabelle users geändert.
[21-06-2024 - 13:53:41]-[mysql] Spalte created_at in der Tabelle users geändert.
[21-06-2024 - 13:53:41]-[mysql] Spalte name in der Tabelle bots geändert.
[21-06-2024 - 13:53:41]-[mysql] Spalte premium in der Tabelle bots geändert.
[21-06-2024 - 13:53:41]-[mysql] Spalte use_db in der Tabelle bots geändert.
[21-06-2024 - 13:53:41]-[mysql] Spalte db_host in der Tabelle bots geändert.
[21-06-2024 - 13:53:41]-[mysql] Spalte db_user in der Tabelle bots geändert.
[21-06-2024 - 13:53:41]-[mysql] Spalte db_password in der Tabelle bots geändert.
[21-06-2024 - 13:53:41]-[mysql] Spalte db_name in der Tabelle bots geändert.
[21-06-2024 - 13:53:41]-[mysql] Spalte db_port in der Tabelle bots geändert.
[21-06-2024 - 13:53:41]-[mysql] Spalte projectName in der Tabelle bots geändert.
[21-06-2024 - 13:53:41]-[mysql] Spalte encryption_key in der Tabelle bots geändert.
[21-06-2024 - 13:53:41]-[mysql] Spalte add_mode in der Tabelle bots geändert.
[21-06-2024 - 13:53:41]-[mysql] Spalte created_at in der Tabelle bots geändert.
[21-06-2024 - 13:53:41]-[mysql] Spalte status in der Tabelle bots geändert.
[21-06-2024 - 13:55:03]-[mysql] Spalte name in der Tabelle users geändert.
[21-06-2024 - 13:55:03]-[mysql] Spalte password in der Tabelle users geändert.
[21-06-2024 - 13:55:03]-[mysql] Spalte created_at in der Tabelle users geändert.
[21-06-2024 - 13:55:03]-[mysql] Spalte name in der Tabelle bots geändert.
[21-06-2024 - 13:55:03]-[mysql] Spalte premium in der Tabelle bots geändert.
[21-06-2024 - 13:55:03]-[mysql] Spalte use_db in der Tabelle bots geändert.
[21-06-2024 - 13:55:03]-[mysql] Spalte db_host in der Tabelle bots geändert.
[21-06-2024 - 13:55:03]-[mysql] Spalte db_user in der Tabelle bots geändert.
[21-06-2024 - 13:55:03]-[mysql] Spalte db_password in der Tabelle bots geändert.
[21-06-2024 - 13:55:03]-[mysql] Spalte db_name in der Tabelle bots geändert.
[21-06-2024 - 13:55:04]-[mysql] Spalte db_port in der Tabelle bots geändert.
[21-06-2024 - 13:55:04]-[mysql] Spalte projectName in der Tabelle bots geändert.
[21-06-2024 - 13:55:04]-[mysql] Spalte encryption_key in der Tabelle bots geändert.
[21-06-2024 - 13:55:04]-[mysql] Spalte add_mode in der Tabelle bots geändert.
[21-06-2024 - 13:55:04]-[mysql] Spalte created_at in der Tabelle bots geändert.
[21-06-2024 - 13:55:04]-[mysql] Spalte status in der Tabelle bots geändert.
[21-06-2024 - 13:55:05]-[mysql] Spalte name in der Tabelle users geändert.
[21-06-2024 - 13:55:05]-[mysql] Spalte password in der Tabelle users geändert.
[21-06-2024 - 13:55:05]-[mysql] Spalte created_at in der Tabelle users geändert.
[21-06-2024 - 13:55:05]-[mysql] Spalte name in der Tabelle bots geändert.
[21-06-2024 - 13:55:05]-[mysql] Spalte premium in der Tabelle bots geändert.
[21-06-2024 - 13:55:05]-[mysql] Spalte use_db in der Tabelle bots geändert.
[21-06-2024 - 13:55:05]-[mysql] Spalte db_host in der Tabelle bots geändert.
[21-06-2024 - 13:55:05]-[mysql] Spalte db_user in der Tabelle bots geändert.
[21-06-2024 - 13:55:05]-[mysql] Spalte db_password in der Tabelle bots geändert.
[21-06-2024 - 13:55:05]-[mysql] Spalte db_name in der Tabelle bots geändert.
[21-06-2024 - 13:55:05]-[mysql] Spalte db_port in der Tabelle bots geändert.
[21-06-2024 - 13:55:05]-[mysql] Spalte projectName in der Tabelle bots geändert.
[21-06-2024 - 13:55:05]-[mysql] Spalte encryption_key in der Tabelle bots geändert.
[21-06-2024 - 13:55:05]-[mysql] Spalte add_mode in der Tabelle bots geändert.
[21-06-2024 - 13:55:05]-[mysql] Spalte created_at in der Tabelle bots geändert.
[21-06-2024 - 13:55:05]-[mysql] Spalte status in der Tabelle bots geändert.
[21-06-2024 - 13:55:41]-[mysql] Spalte name in der Tabelle users geändert.
[21-06-2024 - 13:55:41]-[mysql] Spalte password in der Tabelle users geändert.
[21-06-2024 - 13:55:41]-[mysql] Spalte created_at in der Tabelle users geändert.
[21-06-2024 - 13:55:41]-[mysql] Spalte name in der Tabelle bots geändert.
[21-06-2024 - 13:55:41]-[mysql] Spalte premium in der Tabelle bots geändert.
[21-06-2024 - 13:55:41]-[mysql] Spalte use_db in der Tabelle bots geändert.
[21-06-2024 - 13:55:41]-[mysql] Spalte db_host in der Tabelle bots geändert.
[21-06-2024 - 13:55:41]-[mysql] Spalte db_user in der Tabelle bots geändert.
[21-06-2024 - 13:55:41]-[mysql] Spalte db_password in der Tabelle bots geändert.
[21-06-2024 - 13:55:41]-[mysql] Spalte db_name in der Tabelle bots geändert.
[21-06-2024 - 13:55:41]-[mysql] Spalte db_port in der Tabelle bots geändert.
[21-06-2024 - 13:55:41]-[mysql] Spalte projectName in der Tabelle bots geändert.
[21-06-2024 - 13:55:41]-[mysql] Spalte encryption_key in der Tabelle bots geändert.
[21-06-2024 - 13:55:41]-[mysql] Spalte add_mode in der Tabelle bots geändert.
[21-06-2024 - 13:55:41]-[mysql] Spalte created_at in der Tabelle bots geändert.
[21-06-2024 - 13:55:41]-[mysql] Spalte status in der Tabelle bots geändert.
[21-06-2024 - 13:55:42]-[mysql] Spalte name in der Tabelle users geändert.
[21-06-2024 - 13:55:42]-[mysql] Spalte password in der Tabelle users geändert.
[21-06-2024 - 13:55:42]-[mysql] Spalte created_at in der Tabelle users geändert.
[21-06-2024 - 13:55:42]-[mysql] Spalte name in der Tabelle bots geändert.
[21-06-2024 - 13:55:42]-[mysql] Spalte premium in der Tabelle bots geändert.
[21-06-2024 - 13:55:42]-[mysql] Spalte use_db in der Tabelle bots geändert.
[21-06-2024 - 13:55:42]-[mysql] Spalte db_host in der Tabelle bots geändert.
[21-06-2024 - 13:55:42]-[mysql] Spalte db_user in der Tabelle bots geändert.
[21-06-2024 - 13:55:43]-[mysql] Spalte db_password in der Tabelle bots geändert.
[21-06-2024 - 13:55:43]-[mysql] Spalte db_name in der Tabelle bots geändert.
[21-06-2024 - 13:55:43]-[mysql] Spalte db_port in der Tabelle bots geändert.
[21-06-2024 - 13:55:43]-[mysql] Spalte projectName in der Tabelle bots geändert.
[21-06-2024 - 13:55:43]-[mysql] Spalte encryption_key in der Tabelle bots geändert.
[21-06-2024 - 13:55:43]-[mysql] Spalte add_mode in der Tabelle bots geändert.
[21-06-2024 - 13:55:43]-[mysql] Spalte created_at in der Tabelle bots geändert.
[21-06-2024 - 13:55:43]-[mysql] Spalte status in der Tabelle bots geändert.
[21-06-2024 - 13:56:58]-[mysql] Spalte name in der Tabelle users geändert.
[21-06-2024 - 13:56:58]-[mysql] Spalte password in der Tabelle users geändert.
[21-06-2024 - 13:56:58]-[mysql] Spalte created_at in der Tabelle users geändert.
[21-06-2024 - 13:56:58]-[mysql] Spalte name in der Tabelle bots geändert.
[21-06-2024 - 13:56:59]-[mysql] Spalte premium in der Tabelle bots geändert.
[21-06-2024 - 13:56:59]-[mysql] Spalte use_db in der Tabelle bots geändert.
[21-06-2024 - 13:56:59]-[mysql] Spalte db_host in der Tabelle bots geändert.
[21-06-2024 - 13:56:59]-[mysql] Spalte db_user in der Tabelle bots geändert.
[21-06-2024 - 13:56:59]-[mysql] Spalte db_password in der Tabelle bots geändert.
[21-06-2024 - 13:56:59]-[mysql] Spalte db_name in der Tabelle bots geändert.
[21-06-2024 - 13:56:59]-[mysql] Spalte db_port in der Tabelle bots geändert.
[21-06-2024 - 13:56:59]-[mysql] Spalte projectName in der Tabelle bots geändert.
[21-06-2024 - 13:56:59]-[mysql] Spalte encryption_key in der Tabelle bots geändert.
[21-06-2024 - 13:56:59]-[mysql] Spalte add_mode in der Tabelle bots geändert.
[21-06-2024 - 13:56:59]-[mysql] Spalte created_at in der Tabelle bots geändert.
[21-06-2024 - 13:56:59]-[mysql] Spalte status in der Tabelle bots geändert.
[21-06-2024 - 13:57:00]-[mysql] Spalte name in der Tabelle users geändert.
[21-06-2024 - 13:57:00]-[mysql] Spalte password in der Tabelle users geändert.
[21-06-2024 - 13:57:00]-[mysql] Spalte created_at in der Tabelle users geändert.
[21-06-2024 - 13:57:00]-[mysql] Spalte name in der Tabelle bots geändert.
[21-06-2024 - 13:57:00]-[mysql] Spalte premium in der Tabelle bots geändert.
[21-06-2024 - 13:57:00]-[mysql] Spalte use_db in der Tabelle bots geändert.
[21-06-2024 - 13:57:00]-[mysql] Spalte db_host in der Tabelle bots geändert.
[21-06-2024 - 13:57:00]-[mysql] Spalte db_user in der Tabelle bots geändert.
[21-06-2024 - 13:57:00]-[mysql] Spalte db_password in der Tabelle bots geändert.
[21-06-2024 - 13:57:00]-[mysql] Spalte db_name in der Tabelle bots geändert.
[21-06-2024 - 13:57:00]-[mysql] Spalte db_port in der Tabelle bots geändert.
[21-06-2024 - 13:57:00]-[mysql] Spalte projectName in der Tabelle bots geändert.
[21-06-2024 - 13:57:00]-[mysql] Spalte encryption_key in der Tabelle bots geändert.
[21-06-2024 - 13:57:00]-[mysql] Spalte add_mode in der Tabelle bots geändert.
[21-06-2024 - 13:57:00]-[mysql] Spalte created_at in der Tabelle bots geändert.
[21-06-2024 - 13:57:00]-[mysql] Spalte status in der Tabelle bots geändert.
